2026-07-19T10:46:04Z INF Thank you for trying Cloudflare Tunnel. Doing so, without a Cloudflare account, is a quick way to experiment and try it out. However, be aware that these account-less Tunnels have no uptime guarantee, are subject to the Cloudflare Online Services Terms of Use (https://www.cloudflare.com/website-terms/), and Cloudflare reserves the right to investigate your use of Tunnels for violations of such terms. If you intend to use Tunnels in production you should use a pre-created named tunnel by following: https://developers.cloudflare.com/cloudflare-one/connections/connect-apps
2026-07-19T10:46:04Z INF Requesting new quick Tunnel on trycloudflare.com...
2026-07-19T10:46:08Z INF +--------------------------------------------------------------------------------------------+
2026-07-19T10:46:08Z INF |  Your quick Tunnel has been created! Visit it at (it may take some time to be reachable):  |
2026-07-19T10:46:08Z INF |  https://smoking-queen-legislature-applicant.trycloudflare.com                             |
2026-07-19T10:46:08Z INF +--------------------------------------------------------------------------------------------+
2026-07-19T10:46:08Z INF Cannot determine default configuration path. No file [config.yml config.yaml] in [~/.cloudflared ~/.cloudflare-warp ~/cloudflare-warp /etc/cloudflared /usr/local/etc/cloudflared]
2026-07-19T10:46:08Z INF Version 2026.7.2 (Checksum ec905ea7b7e327ff8abdde8cb64697a2152de74dbcdbf6aec9db8364eb3886cd)
2026-07-19T10:46:08Z INF GOOS: linux, GOVersion: go1.26.4, GoArch: amd64
2026-07-19T10:46:08Z INF Settings: map[ha-connections:1 no-autoupdate:true protocol:quic url:http://localhost:6006]
2026-07-19T10:46:08Z INF Generated Connector ID: 99a52edf-e34d-4068-b124-17c98b18af58
2026-07-19T10:46:08Z INF Initial protocol quic
2026-07-19T10:46:08Z INF ICMP proxy will use 10.178.0.2 as source for IPv4
2026-07-19T10:46:08Z INF ICMP proxy will use fe80::4001:aff:feb2:2 in zone ens4 as source for IPv6
2026-07-19T10:46:08Z WRN The user running cloudflared process has a GID (group ID) that is not within ping_group_range. You might need to add that user to a group within that range, or instead update the range to encompass a group the user is already in by modifying /proc/sys/net/ipv4/ping_group_range. Otherwise cloudflared will not be able to ping this network error="Group ID 1002 is not between ping group 1 to 0"
2026-07-19T10:46:08Z WRN ICMP proxy feature is disabled error="cannot create ICMPv4 proxy: Group ID 1002 is not between ping group 1 to 0 nor ICMPv6 proxy: socket: permission denied"
2026/07/19 10:46:08 failed to sufficiently increase receive buffer size (was: 208 kiB, wanted: 7168 kiB, got: 416 kiB). See https://github.com/quic-go/quic-go/wiki/UDP-Buffer-Sizes for details.
2026-07-19T10:46:08Z INF ICMP proxy will use 10.178.0.2 as source for IPv4
2026-07-19T10:46:08Z INF ICMP proxy will use fe80::4001:aff:feb2:2 in zone ens4 as source for IPv6
2026-07-19T10:46:08Z INF Starting metrics server on 127.0.0.1:20241/metrics
2026-07-19T10:46:08Z INF Tunnel connection curve preferences: [X25519MLKEM768 CurveID(65074) CurveP256] connIndex=0 event=0 ip=198.41.200.23
2026-07-19T10:46:08Z INF Registered tunnel connection connIndex=0 connection=e7b78dba-be77-4606-b1d0-82d0464a5dee event=0 ip=198.41.200.23 location=icn01 protocol=quic
2026-07-19T10:46:14Z INF +-------------------------------------------------------------------------------------+
2026-07-19T10:46:14Z INF |                               CONNECTIVITY PRE-CHECKS                               |
2026-07-19T10:46:14Z INF +-------------------------------------------------------------------------------------+
2026-07-19T10:46:14Z INF |  COMPONENT         TARGET                     STATUS  DETAILS                       |
2026-07-19T10:46:14Z INF |  DNS Resolution    region1.v2.argotunnel.com  PASS    DNS Resolved successfully     |
2026-07-19T10:46:14Z INF |  DNS Resolution    region2.v2.argotunnel.com  PASS    DNS Resolved successfully     |
2026-07-19T10:46:14Z INF |  UDP Connectivity  region1.v2.argotunnel.com  PASS    QUIC connection successful    |
2026-07-19T10:46:14Z INF |  UDP Connectivity  region2.v2.argotunnel.com  PASS    QUIC connection successful    |
2026-07-19T10:46:14Z INF |  TCP Connectivity  region1.v2.argotunnel.com  PASS    HTTP/2 connection successful  |
2026-07-19T10:46:14Z INF |  TCP Connectivity  region2.v2.argotunnel.com  PASS    HTTP/2 connection successful  |
2026-07-19T10:46:14Z INF |  Cloudflare API    api.cloudflare.com:443     PASS    API is reachable              |
2026-07-19T10:46:14Z INF |                                                                                     |
2026-07-19T10:46:14Z INF |  SUMMARY: Environment is healthy. cloudflared will use 'quic' as primary protocol.  |
2026-07-19T10:46:14Z INF +-------------------------------------------------------------------------------------+
2026-07-19T10:46:14Z INF precheck component="DNS Resolution" details="DNS Resolved successfully" run_id=ea91648a-9628-4153-8685-3222d5ad79df status=pass target=region1.v2.argotunnel.com
2026-07-19T10:46:14Z INF precheck component="DNS Resolution" details="DNS Resolved successfully" run_id=ea91648a-9628-4153-8685-3222d5ad79df status=pass target=region2.v2.argotunnel.com
2026-07-19T10:46:14Z INF precheck component="UDP Connectivity" details="QUIC connection successful" run_id=ea91648a-9628-4153-8685-3222d5ad79df status=pass target=region1.v2.argotunnel.com
2026-07-19T10:46:14Z INF precheck component="UDP Connectivity" details="QUIC connection successful" run_id=ea91648a-9628-4153-8685-3222d5ad79df status=pass target=region2.v2.argotunnel.com
2026-07-19T10:46:14Z INF precheck component="TCP Connectivity" details="HTTP/2 connection successful" run_id=ea91648a-9628-4153-8685-3222d5ad79df status=pass target=region1.v2.argotunnel.com
2026-07-19T10:46:14Z INF precheck component="TCP Connectivity" details="HTTP/2 connection successful" run_id=ea91648a-9628-4153-8685-3222d5ad79df status=pass target=region2.v2.argotunnel.com
2026-07-19T10:46:14Z INF precheck component="Cloudflare API" details="API is reachable" run_id=ea91648a-9628-4153-8685-3222d5ad79df status=pass target=api.cloudflare.com:443
2026-07-19T10:46:14Z INF precheck complete hard_fail=false run_id=ea91648a-9628-4153-8685-3222d5ad79df suggested_protocol=quic
